[pkgpin] pin package: zenburn-theme => (zenburn-theme :repo "bbatsov/zenburn-emacs" :fetcher github :commit "c0f057822138cebfc28e41108d9779372edc99ca")
[pkgpin] pin package: yasnippet-snippets => (yasnippet-snippets :repo "AndreaCrotti/yasnippet-snippets" :fetcher github :files ("*.el" "snippets" ".nosearch") :commit "c0f057822138cebfc28e41108d9779372edc99ca")
[pkgpin] pin package: yapfify => (yapfify :repo "JorisE/yapfify" :fetcher github :commit "c0f057822138cebfc28e41108d9779372edc99ca")
[pkgpin] pin package: yaml-mode => (yaml-mode :repo "yoshiki/yaml-mode" :fetcher github :commit "c0f057822138cebfc28e41108d9779372edc99ca")
[pkgpin] pin package: xterm-color => (xterm-color :repo "atomontage/xterm-color" :fetcher github :commit "c0f057822138cebfc28e41108d9779372edc99ca")
[pkgpin] pin package: ws-butler => (ws-butler :fetcher github :repo "lewang/ws-butler" :commit "c0f057822138cebfc28e41108d9779372edc99ca")
[pkgpin] pin package: winum => (winum :fetcher github :repo "deb0ch/emacs-winum" :commit "c0f057822138cebfc28e41108d9779372edc99ca")
[pkgpin] pin package: web-beautify => (web-beautify :repo "yasuyk/web-beautify" :fetcher github :commit "c0f057822138cebfc28e41108d9779372edc99ca")
[pkgpin] pin package: volatile-highlights => (volatile-highlights :repo "k-talo/volatile-highlights.el" :fetcher github :commit "c0f057822138cebfc28e41108d9779372edc99ca")
[pkgpin] pin package: vi-tilde-fringe => (vi-tilde-fringe :repo "syl20bnr/vi-tilde-fringe" :fetcher github :commit "c0f057822138cebfc28e41108d9779372edc99ca")
[pkgpin] pin package: uuidgen => (uuidgen :fetcher github :repo "kanru/uuidgen-el" :commit "c0f057822138cebfc28e41108d9779372edc99ca")
[pkgpin] pin package: unfill => (unfill :fetcher github :repo "purcell/unfill" :commit "c0f057822138cebfc28e41108d9779372edc99ca")
[pkgpin] pin package: treemacs-projectile => (treemacs-projectile :fetcher github :repo "Alexander-Miller/treemacs" :files ("src/elisp/treemacs-projectile.el") :commit "c0f057822138cebfc28e41108d9779372edc99ca")
[pkgpin] pin package: treemacs-evil => (treemacs-evil :fetcher github :repo "Alexander-Miller/treemacs" :files ("src/elisp/treemacs-evil.el") :commit "c0f057822138cebfc28e41108d9779372edc99ca")
[pkgpin] pin package: treemacs => (treemacs :fetcher github :repo "Alexander-Miller/treemacs" :files (:defaults "icons" "src/elisp/treemacs*.el" "src/scripts/treemacs*.py" (:exclude "src/elisp/treemacs-evil.el" "src/elisp/treemacs-projectile.el")) :commit "c0f057822138cebfc28e41108d9779372edc99ca")
[pkgpin] pin package: ht => (ht :repo "Wilfred/ht.el" :files ("ht.el") :fetcher github :commit "c0f057822138cebfc28e41108d9779372edc99ca")
[pkgpin] pin package: pfuture => (pfuture :repo "Alexander-Miller/pfuture" :fetcher github :commit "c0f057822138cebfc28e41108d9779372edc99ca")
[pkgpin] pin package: toc-org => (toc-org :fetcher github :repo "snosov1/toc-org" :old-names (org-toc) :commit "c0f057822138cebfc28e41108d9779372edc99ca")
[pkgpin] pin package: symon => (symon :repo "zk-phi/symon" :fetcher github :files ("symon.el") :commit "c0f057822138cebfc28e41108d9779372edc99ca")
[pkgpin] pin package: string-inflection => (string-inflection :fetcher github :repo "akicho8/string-inflection" :commit "c0f057822138cebfc28e41108d9779372edc99ca")
[pkgpin] pin package: spaceline-all-the-icons => (spaceline-all-the-icons :fetcher github :repo "domtronn/spaceline-all-the-icons.el" :commit "c0f057822138cebfc28e41108d9779372edc99ca")
[pkgpin] pin package: spaceline => (spaceline :fetcher github :repo "TheBB/spaceline" :commit "c0f057822138cebfc28e41108d9779372edc99ca")
[pkgpin] pin package: powerline => (powerline :fetcher github :repo "milkypostman/powerline" :commit "c0f057822138cebfc28e41108d9779372edc99ca")
[pkgpin] pin package: solarized-theme => (solarized-theme :repo "bbatsov/solarized-emacs" :fetcher github :commit "c0f057822138cebfc28e41108d9779372edc99ca")
[pkgpin] pin package: smeargle => (smeargle :repo "syohex/emacs-smeargle" :fetcher github :commit "c0f057822138cebfc28e41108d9779372edc99ca")
[pkgpin] pin package: shell-pop => (shell-pop :repo "kyagi/shell-pop-el" :fetcher github :commit "c0f057822138cebfc28e41108d9779372edc99ca")
[pkgpin] pin package: restart-emacs => (restart-emacs :fetcher github :repo "iqbalansari/restart-emacs" :commit "c0f057822138cebfc28e41108d9779372edc99ca")
[pkgpin] pin package: realgud => (realgud :fetcher github :repo "rocky/emacs-dbgr" :files ("realgud.el" ("realgud/common" "realgud/common/*.el") ("realgud/common/buffer" "realgud/common/buffer/*.el") ("realgud/debugger/bashdb" "realgud/debugger/bashdb/*.el") ("realgud/debugger/gdb" "realgud/debugger/gdb/*.el") ("realgud/debugger/gub" "realgud/debugger/gub/*.el") ("realgud/debugger/ipdb" "realgud/debugger/ipdb/*.el") ("realgud/debugger/jdb" "realgud/debugger/jdb/*.el") ("realgud/debugger/kshdb" "realgud/debugger/kshdb/*.el") ("realgud/debugger/nodejs" "realgud/debugger/nodejs/*.el") ("realgud/debugger/pdb" "realgud/debugger/pdb/*.el") ("realgud/debugger/perldb" "realgud/debugger/perldb/*.el") ("realgud/debugger/rdebug" "realgud/debugger/rdebug/*.el") ("realgud/debugger/remake" "realgud/debugger/remake/*.el") ("realgud/debugger/trepan" "realgud/debugger/trepan/*.el") ("realgud/debugger/trepan.pl" "realgud/debugger/trepan.pl/*.el") ("realgud/debugger/trepan2" "realgud/debugger/trepan2/*.el") ("realgud/debugger/trepan3k" "realgud/debugger/trepan3k/*.el") ("realgud/debugger/trepanjs" "realgud/debugger/trepanjs/*.el") ("realgud/debugger/zshdb" "realgud/debugger/zshdb/*.el") ("realgud/lang" "realgud/lang/*.el")) :commit "c0f057822138cebfc28e41108d9779372edc99ca")
[pkgpin] pin package: test-simple => (test-simple :fetcher github :repo "rocky/emacs-test-simple" :commit "c0f057822138cebfc28e41108d9779372edc99ca")
[pkgpin] pin package: loc-changes => (loc-changes :fetcher github :repo "rocky/emacs-loc-changes" :files ("loc-changes.el") :commit "c0f057822138cebfc28e41108d9779372edc99ca")
[pkgpin] pin package: load-relative => (load-relative :fetcher github :repo "rocky/emacs-load-relative" :commit "c0f057822138cebfc28e41108d9779372edc99ca")
[pkgpin] pin package: rainbow-identifiers => (rainbow-identifiers :fetcher github :repo "Fanael/rainbow-identifiers" :commit "c0f057822138cebfc28e41108d9779372edc99ca")
[pkgpin] pin package: rainbow-delimiters => (rainbow-delimiters :fetcher github :repo "Fanael/rainbow-delimiters" :commit "c0f057822138cebfc28e41108d9779372edc99ca")
[pkgpin] pin package: quickrun => (quickrun :repo "syohex/emacs-quickrun" :fetcher github :commit "c0f057822138cebfc28e41108d9779372edc99ca")
[pkgpin] pin package: pyvenv => (pyvenv :fetcher github :repo "jorgenschaefer/pyvenv" :commit "c0f057822138cebfc28e41108d9779372edc99ca")
[pkgpin] pin package: pytest => (pytest :fetcher github :repo "ionrock/pytest-el" :commit "c0f057822138cebfc28e41108d9779372edc99ca")
[pkgpin] pin package: pyenv-mode => (pyenv-mode :fetcher github :repo "proofit404/pyenv-mode" :commit "c0f057822138cebfc28e41108d9779372edc99ca")
[pkgpin] pin package: py-isort => (py-isort :repo "paetzke/py-isort.el" :fetcher github :commit "c0f057822138cebfc28e41108d9779372edc99ca")
[pkgpin] pin package: popwin => (popwin :fetcher github :repo "m2ym/popwin-el" :commit "c0f057822138cebfc28e41108d9779372edc99ca")
[pkgpin] pin package: pippel => (pippel :fetcher github :repo "brotzeit/pippel" :files (:defaults "pippel.py") :commit "c0f057822138cebfc28e41108d9779372edc99ca")
[pkgpin] pin package: pipenv => (pipenv :repo "pwalsh/pipenv.el" :fetcher github :commit "c0f057822138cebfc28e41108d9779372edc99ca")
[pkgpin] pin package: pip-requirements => (pip-requirements :repo "Wilfred/pip-requirements.el" :fetcher github :commit "c0f057822138cebfc28e41108d9779372edc99ca")
[pkgpin] pin package: persp-mode => (persp-mode :repo "Bad-ptr/persp-mode.el" :fetcher github :commit "c0f057822138cebfc28e41108d9779372edc99ca")
[pkgpin] pin package: pcre2el => (pcre2el :fetcher github :repo "joddie/pcre2el" :files ("pcre2el.el") :commit "c0f057822138cebfc28e41108d9779372edc99ca")
[pkgpin] pin package: password-generator => (password-generator :fetcher github :repo "zargener/emacs-password-genarator" :commit "c0f057822138cebfc28e41108d9779372edc99ca")
[pkgpin] pin package: paradox => (paradox :repo "Malabarba/paradox" :fetcher github :commit "c0f057822138cebfc28e41108d9779372edc99ca")
[pkgpin] pin package: ox-rst => (ox-rst :fetcher github :repo "msnoigrs/ox-rst" :commit "c0f057822138cebfc28e41108d9779372edc99ca")
[pkgpin] pin package: overseer => (overseer :fetcher github :repo "tonini/overseer.el" :commit "c0f057822138cebfc28e41108d9779372edc99ca")
[pkgpin] pin package: org-bullets => (org-bullets :fetcher github :repo "emacsorphanage/org-bullets" :commit "c0f057822138cebfc28e41108d9779372edc99ca")
[pkgpin] pin package: open-junk-file => (open-junk-file :repo "rubikitch/open-junk-file" :fetcher github :commit "c0f057822138cebfc28e41108d9779372edc99ca")
[pkgpin] pin package: nyan-mode => (nyan-mode :fetcher github :repo "TeMPOraL/nyan-mode" :files ("nyan-mode.el" "img" "mus") :commit "c0f057822138cebfc28e41108d9779372edc99ca")
[pkgpin] pin package: nameless => (nameless :repo "Malabarba/Nameless" :fetcher github :commit "c0f057822138cebfc28e41108d9779372edc99ca")
[pkgpin] pin package: mwim => (mwim :repo "alezost/mwim.el" :fetcher github :commit "c0f057822138cebfc28e41108d9779372edc99ca")
[pkgpin] pin package: multi-term => (multi-term :fetcher github :repo "emacsorphanage/multi-term" :commit "c0f057822138cebfc28e41108d9779372edc99ca")
[pkgpin] pin package: move-text => (move-text :fetcher github :repo "emacsfodder/move-text" :commit "c0f057822138cebfc28e41108d9779372edc99ca")
[pkgpin] pin package: monokai-theme => (monokai-theme :repo "oneKelvinSmith/monokai-emacs" :fetcher github :commit "c0f057822138cebfc28e41108d9779372edc99ca")
[pkgpin] pin package: magit-gitflow => (magit-gitflow :fetcher github :repo "jtatarik/magit-gitflow" :commit "c0f057822138cebfc28e41108d9779372edc99ca")
[pkgpin] pin package: macrostep => (macrostep :fetcher github :repo "joddie/macrostep" :commit "c0f057822138cebfc28e41108d9779372edc99ca")
[pkgpin] pin package: lsp-ui => (lsp-ui :repo "emacs-lsp/lsp-ui" :fetcher github :commit "c0f057822138cebfc28e41108d9779372edc99ca")
[pkgpin] pin package: markdown-mode => (markdown-mode :fetcher github :repo "jrblevin/markdown-mode" :commit "c0f057822138cebfc28e41108d9779372edc99ca")
[pkgpin] pin package: lsp-python => (lsp-python :repo "emacs-lsp/lsp-python" :fetcher github :commit "c0f057822138cebfc28e41108d9779372edc99ca")
[pkgpin] pin package: lorem-ipsum => (lorem-ipsum :fetcher github :repo "jschaf/emacs-lorem-ipsum" :commit "c0f057822138cebfc28e41108d9779372edc99ca")
[pkgpin] pin package: livid-mode => (livid-mode :fetcher github :repo "pandeiro/livid-mode" :commit "c0f057822138cebfc28e41108d9779372edc99ca")
[pkgpin] pin package: skewer-mode => (skewer-mode :repo "skeeto/skewer-mode" :fetcher github :files ("*.html" "*.js" "*.el") :commit "c0f057822138cebfc28e41108d9779372edc99ca")
[pkgpin] pin package: simple-httpd => (simple-httpd :repo "skeeto/emacs-web-server" :fetcher github :commit "c0f057822138cebfc28e41108d9779372edc99ca")
[pkgpin] pin package: live-py-mode => (live-py-mode :fetcher github :repo "donkirkby/live-py-plugin" :files ("emacs-live-py-mode/live-py-mode.el" "plugin/PySrc/*.py") :commit "c0f057822138cebfc28e41108d9779372edc99ca")
[pkgpin] pin package: linum-relative => (linum-relative :fetcher github :repo "coldnew/linum-relative" :commit "c0f057822138cebfc28e41108d9779372edc99ca")
[pkgpin] pin package: link-hint => (link-hint :fetcher github :repo "noctuid/link-hint.el" :commit "c0f057822138cebfc28e41108d9779372edc99ca")
[pkgpin] pin package: json-mode => (json-mode :fetcher github :repo "joshwnj/json-mode" :commit "c0f057822138cebfc28e41108d9779372edc99ca")
[pkgpin] pin package: json-snatcher => (json-snatcher :fetcher github :repo "Sterlingg/json-snatcher" :commit "c0f057822138cebfc28e41108d9779372edc99ca")
[pkgpin] pin package: json-reformat => (json-reformat :fetcher github :repo "gongo/json-reformat" :commit "c0f057822138cebfc28e41108d9779372edc99ca")
[pkgpin] pin package: js2-refactor => (js2-refactor :repo "magnars/js2-refactor.el" :fetcher github :commit "c0f057822138cebfc28e41108d9779372edc99ca")
[pkgpin] pin package: multiple-cursors => (multiple-cursors :fetcher github :repo "magnars/multiple-cursors.el" :commit "c0f057822138cebfc28e41108d9779372edc99ca")
[pkgpin] pin package: js2-mode => (js2-mode :repo "mooz/js2-mode" :fetcher github :commit "c0f057822138cebfc28e41108d9779372edc99ca")
[pkgpin] pin package: js-doc => (js-doc :fetcher github :repo "mooz/js-doc" :commit "c0f057822138cebfc28e41108d9779372edc99ca")
[pkgpin] pin package: irony-eldoc => (irony-eldoc :fetcher github :repo "ikirill/irony-eldoc" :commit "c0f057822138cebfc28e41108d9779372edc99ca")
[pkgpin] pin package: indent-guide => (indent-guide :fetcher github :repo "zk-phi/indent-guide" :commit "c0f057822138cebfc28e41108d9779372edc99ca")
[pkgpin] pin package: importmagic => (importmagic :fetcher github :repo "anachronic/importmagic.el" :files (:defaults "importmagicserver.py") :commit "c0f057822138cebfc28e41108d9779372edc99ca")
[pkgpin] pin package: epc => (epc :repo "kiwanami/emacs-epc" :fetcher github :files ("epc.el" "epcs.el") :commit "c0f057822138cebfc28e41108d9779372edc99ca")
[pkgpin] pin package: ctable => (ctable :repo "kiwanami/emacs-ctable" :fetcher github :files ("ctable.el") :commit "c0f057822138cebfc28e41108d9779372edc99ca")
[pkgpin] pin package: concurrent => (concurrent :repo "kiwanami/emacs-deferred" :fetcher github :files ("concurrent.el") :commit "c0f057822138cebfc28e41108d9779372edc99ca")
[pkgpin] pin package: deferred => (deferred :repo "kiwanami/emacs-deferred" :fetcher github :files ("deferred.el") :commit "c0f057822138cebfc28e41108d9779372edc99ca")
[pkgpin] pin package: hy-mode => (hy-mode :repo "hylang/hy-mode" :fetcher github :commit "c0f057822138cebfc28e41108d9779372edc99ca")
[pkgpin] pin package: hungry-delete => (hungry-delete :fetcher github :repo "nflath/hungry-delete" :commit "c0f057822138cebfc28e41108d9779372edc99ca")
[pkgpin] pin package: hl-todo => (hl-todo :repo "tarsius/hl-todo" :fetcher github :commit "c0f057822138cebfc28e41108d9779372edc99ca")
[pkgpin] pin package: highlight-parentheses => (highlight-parentheses :repo "tsdh/highlight-parentheses.el" :fetcher github :commit "c0f057822138cebfc28e41108d9779372edc99ca")
[pkgpin] pin package: highlight-numbers => (highlight-numbers :fetcher github :repo "Fanael/highlight-numbers" :old-names (number-font-lock-mode) :commit "c0f057822138cebfc28e41108d9779372edc99ca")
[pkgpin] pin package: parent-mode => (parent-mode :fetcher github :repo "Fanael/parent-mode" :commit "c0f057822138cebfc28e41108d9779372edc99ca")
[pkgpin] pin package: highlight-indentation => (highlight-indentation :repo "antonj/Highlight-Indentation-for-Emacs" :fetcher github :commit "c0f057822138cebfc28e41108d9779372edc99ca")
[pkgpin] pin package: helm-xref => (helm-xref :repo "brotzeit/helm-xref" :fetcher github :commit "c0f057822138cebfc28e41108d9779372edc99ca")
[pkgpin] pin package: helm-themes => (helm-themes :repo "syohex/emacs-helm-themes" :fetcher github :commit "c0f057822138cebfc28e41108d9779372edc99ca")
[pkgpin] pin package: helm-swoop => (helm-swoop :repo "ShingoFukuyama/helm-swoop" :fetcher github :commit "c0f057822138cebfc28e41108d9779372edc99ca")
[pkgpin] pin package: helm-rtags => (helm-rtags :repo "Andersbakken/rtags" :fetcher github :files ("src/helm-rtags.el") :commit "c0f057822138cebfc28e41108d9779372edc99ca")
[pkgpin] pin package: helm-pydoc => (helm-pydoc :fetcher github :repo "syohex/emacs-helm-pydoc" :files (:defaults "*.py") :commit "c0f057822138cebfc28e41108d9779372edc99ca")
[pkgpin] pin package: helm-purpose => (helm-purpose :repo "bmag/helm-purpose" :fetcher github :commit "c0f057822138cebfc28e41108d9779372edc99ca")
[pkgpin] pin package: window-purpose => (window-purpose :repo "bmag/emacs-purpose" :fetcher github :files (:defaults "layouts") :old-names (purpose) :commit "c0f057822138cebfc28e41108d9779372edc99ca")
[pkgpin] pin package: imenu-list => (imenu-list :repo "bmag/imenu-list" :fetcher github :commit "c0f057822138cebfc28e41108d9779372edc99ca")
[pkgpin] pin package: helm-projectile => (helm-projectile :repo "bbatsov/helm-projectile" :fetcher github :commit "c0f057822138cebfc28e41108d9779372edc99ca")
[pkgpin] pin package: helm-mode-manager => (helm-mode-manager :fetcher github :repo "istib/helm-mode-manager" :commit "c0f057822138cebfc28e41108d9779372edc99ca")
[pkgpin] pin package: helm-make => (helm-make :repo "abo-abo/helm-make" :fetcher github :commit "c0f057822138cebfc28e41108d9779372edc99ca")
[pkgpin] pin package: helm-gtags => (helm-gtags :repo "syohex/emacs-helm-gtags" :fetcher github :commit "c0f057822138cebfc28e41108d9779372edc99ca")
[pkgpin] pin package: helm-gitignore => (helm-gitignore :fetcher github :repo "jupl/helm-gitignore" :commit "c0f057822138cebfc28e41108d9779372edc99ca")
[pkgpin] pin package: request => (request :repo "tkf/emacs-request" :fetcher github :files ("request.el") :commit "c0f057822138cebfc28e41108d9779372edc99ca")
[pkgpin] pin package: helm-flx => (helm-flx :repo "PythonNut/helm-flx" :fetcher github :commit "c0f057822138cebfc28e41108d9779372edc99ca")
[pkgpin] pin package: helm-descbinds => (helm-descbinds :repo "emacs-helm/helm-descbinds" :fetcher github :commit "c0f057822138cebfc28e41108d9779372edc99ca")
[pkgpin] pin package: helm-ctest => (helm-ctest :fetcher github :repo "danlamanna/helm-ctest" :commit "c0f057822138cebfc28e41108d9779372edc99ca")
[pkgpin] pin package: helm-company => (helm-company :repo "Sodel-the-Vociferous/helm-company" :fetcher github :commit "c0f057822138cebfc28e41108d9779372edc99ca")
[pkgpin] pin package: helm-c-yasnippet => (helm-c-yasnippet :repo "emacs-jp/helm-c-yasnippet" :fetcher github :commit "c0f057822138cebfc28e41108d9779372edc99ca")
[pkgpin] pin package: helm-ag => (helm-ag :repo "syohex/emacs-helm-ag" :fetcher github :commit "c0f057822138cebfc28e41108d9779372edc99ca")
[pkgpin] pin package: google-translate => (google-translate :fetcher github :repo "atykhonov/google-translate" :commit "c0f057822138cebfc28e41108d9779372edc99ca")
[pkgpin] pin package: google-c-style => (google-c-style :fetcher github :repo "google/styleguide" :commit "c0f057822138cebfc28e41108d9779372edc99ca")
[pkgpin] pin package: golden-ratio => (golden-ratio :repo "roman/golden-ratio.el" :fetcher github :commit "c0f057822138cebfc28e41108d9779372edc99ca")
[pkgpin] pin package: gitignore-mode => (gitignore-mode :repo "magit/git-modes" :fetcher github :files ("gitignore-mode.el") :commit "c0f057822138cebfc28e41108d9779372edc99ca")
[pkgpin] pin package: gitconfig-mode => (gitconfig-mode :repo "magit/git-modes" :fetcher github :files ("gitconfig-mode.el") :commit "c0f057822138cebfc28e41108d9779372edc99ca")
[pkgpin] pin package: gitattributes-mode => (gitattributes-mode :repo "magit/git-modes" :fetcher github :files ("gitattributes-mode.el") :commit "c0f057822138cebfc28e41108d9779372edc99ca")
[pkgpin] pin package: git-timemachine => (git-timemachine :fetcher github :repo "pidu/git-timemachine" :commit "c0f057822138cebfc28e41108d9779372edc99ca")
[pkgpin] pin package: git-messenger => (git-messenger :repo "syohex/emacs-git-messenger" :fetcher github :commit "c0f057822138cebfc28e41108d9779372edc99ca")
[pkgpin] pin package: git-link => (git-link :fetcher github :repo "sshaw/git-link" :commit "c0f057822138cebfc28e41108d9779372edc99ca")
[pkgpin] pin package: ggtags => (ggtags :fetcher github :repo "leoliu/ggtags" :commit "c0f057822138cebfc28e41108d9779372edc99ca")
[pkgpin] pin package: fuzzy => (fuzzy :repo "auto-complete/fuzzy-el" :fetcher github :files ("fuzzy.el") :commit "c0f057822138cebfc28e41108d9779372edc99ca")
[pkgpin] pin package: flycheck-rtags => (flycheck-rtags :repo "Andersbakken/rtags" :fetcher github :files ("src/flycheck-rtags.el") :commit "c0f057822138cebfc28e41108d9779372edc99ca")
[pkgpin] pin package: flycheck-pos-tip => (flycheck-pos-tip :repo "flycheck/flycheck-pos-tip" :fetcher github :commit "c0f057822138cebfc28e41108d9779372edc99ca")
[pkgpin] pin package: pos-tip => (pos-tip :repo "pitkali/pos-tip" :fetcher github :commit "c0f057822138cebfc28e41108d9779372edc99ca")
[pkgpin] pin package: flycheck-irony => (flycheck-irony :fetcher github :repo "Sarcasm/flycheck-irony" :commit "c0f057822138cebfc28e41108d9779372edc99ca")
[pkgpin] pin package: flycheck => (flycheck :repo "flycheck/flycheck" :fetcher github :commit "c0f057822138cebfc28e41108d9779372edc99ca")
[pkgpin] pin package: flx-ido => (flx-ido :repo "lewang/flx" :fetcher github :files ("flx-ido.el") :commit "c0f057822138cebfc28e41108d9779372edc99ca")
[pkgpin] pin package: flx => (flx :repo "lewang/flx" :fetcher github :files ("flx.el") :commit "c0f057822138cebfc28e41108d9779372edc99ca")
[pkgpin] pin package: fill-column-indicator => (fill-column-indicator :repo "alpaker/Fill-Column-Indicator" :fetcher github :commit "c0f057822138cebfc28e41108d9779372edc99ca")
[pkgpin] pin package: fancy-battery => (fancy-battery :repo "lunaryorn/fancy-battery.el" :fetcher github :commit "c0f057822138cebfc28e41108d9779372edc99ca")
[pkgpin] pin package: eyebrowse => (eyebrowse :fetcher github :repo "wasamasa/eyebrowse" :commit "c0f057822138cebfc28e41108d9779372edc99ca")
[pkgpin] pin package: expand-region => (expand-region :repo "magnars/expand-region.el" :fetcher github :commit "c0f057822138cebfc28e41108d9779372edc99ca")
[pkgpin] pin package: evil-visualstar => (evil-visualstar :repo "bling/evil-visualstar" :fetcher github :commit "c0f057822138cebfc28e41108d9779372edc99ca")
[pkgpin] pin package: evil-visual-mark-mode => (evil-visual-mark-mode :repo "roman/evil-visual-mark-mode" :fetcher github :commit "c0f057822138cebfc28e41108d9779372edc99ca")
[pkgpin] pin package: evil-tutor => (evil-tutor :repo "syl20bnr/evil-tutor" :fetcher github :files (:defaults "tutor.txt") :commit "c0f057822138cebfc28e41108d9779372edc99ca")
[pkgpin] pin package: evil-surround => (evil-surround :repo "emacs-evil/evil-surround" :fetcher github :old-names (surround) :commit "c0f057822138cebfc28e41108d9779372edc99ca")
[pkgpin] pin package: evil-search-highlight-persist => (evil-search-highlight-persist :fetcher github :repo "naclander/evil-search-highlight-persist" :commit "c0f057822138cebfc28e41108d9779372edc99ca")
[pkgpin] pin package: evil-numbers => (evil-numbers :repo "cofi/evil-numbers" :fetcher github :commit "c0f057822138cebfc28e41108d9779372edc99ca")
[pkgpin] pin package: evil-nerd-commenter => (evil-nerd-commenter :fetcher github :repo "redguardtoo/evil-nerd-commenter" :commit "c0f057822138cebfc28e41108d9779372edc99ca")
[pkgpin] pin package: evil-mc => (evil-mc :fetcher github :repo "gabesoft/evil-mc" :commit "c0f057822138cebfc28e41108d9779372edc99ca")
[pkgpin] pin package: evil-matchit => (evil-matchit :fetcher github :repo "redguardtoo/evil-matchit" :commit "c0f057822138cebfc28e41108d9779372edc99ca")
[pkgpin] pin package: evil-magit => (evil-magit :repo "emacs-evil/evil-magit" :fetcher github :commit "c0f057822138cebfc28e41108d9779372edc99ca")
[pkgpin] pin package: magit => (magit :fetcher github :repo "magit/magit" :files ("lisp/magit*.el" "lisp/git-rebase.el" "Documentation/magit.texi" "Documentation/AUTHORS.md" "LICENSE") :commit "c0f057822138cebfc28e41108d9779372edc99ca")
[pkgpin] pin package: magit-popup => (magit-popup :fetcher github :repo "magit/magit-popup" :commit "c0f057822138cebfc28e41108d9779372edc99ca")
[pkgpin] pin package: git-commit => (git-commit :fetcher github :repo "magit/magit" :files ("lisp/git-commit.el") :old-names (git-commit-mode) :commit "c0f057822138cebfc28e41108d9779372edc99ca")
[pkgpin] pin package: with-editor => (with-editor :fetcher github :repo "magit/with-editor" :commit "c0f057822138cebfc28e41108d9779372edc99ca")
[pkgpin] pin package: ghub => (ghub :fetcher github :repo "magit/ghub" :files (:defaults (:exclude "glab.el")) :commit "c0f057822138cebfc28e41108d9779372edc99ca")
[pkgpin] pin package: evil-lisp-state => (evil-lisp-state :repo "syl20bnr/evil-lisp-state" :fetcher github :commit "c0f057822138cebfc28e41108d9779372edc99ca")
[pkgpin] pin package: evil-lion => (evil-lion :repo "edkolev/evil-lion" :fetcher github :files ("evil-lion.el") :commit "c0f057822138cebfc28e41108d9779372edc99ca")
[pkgpin] pin package: evil-indent-plus => (evil-indent-plus :fetcher github :repo "TheBB/evil-indent-plus" :commit "c0f057822138cebfc28e41108d9779372edc99ca")
[pkgpin] pin package: evil-iedit-state => (evil-iedit-state :repo "syl20bnr/evil-iedit-state" :fetcher github :commit "c0f057822138cebfc28e41108d9779372edc99ca")
[pkgpin] pin package: iedit => (iedit :repo "victorhge/iedit" :fetcher github :commit "c0f057822138cebfc28e41108d9779372edc99ca")
[pkgpin] pin package: evil-exchange => (evil-exchange :fetcher github :repo "Dewdrops/evil-exchange" :commit "c0f057822138cebfc28e41108d9779372edc99ca")
[pkgpin] pin package: evil-escape => (evil-escape :repo "syl20bnr/evil-escape" :fetcher github :commit "c0f057822138cebfc28e41108d9779372edc99ca")
[pkgpin] pin package: evil-ediff => (evil-ediff :repo "emacs-evil/evil-ediff" :fetcher github :commit "c0f057822138cebfc28e41108d9779372edc99ca")
[pkgpin] pin package: evil-cleverparens => (evil-cleverparens :fetcher github :repo "luxbock/evil-cleverparens" :commit "c0f057822138cebfc28e41108d9779372edc99ca")
[pkgpin] pin package: smartparens => (smartparens :fetcher github :repo "Fuco1/smartparens" :commit "c0f057822138cebfc28e41108d9779372edc99ca")
[pkgpin] pin package: paredit => (paredit :url "https://mumble.net/~campbell/git/paredit.git" :fetcher git :files ("paredit.el") :commit "c0f057822138cebfc28e41108d9779372edc99ca")
[pkgpin] pin package: evil-args => (evil-args :fetcher github :repo "wcsmith/evil-args" :commit "c0f057822138cebfc28e41108d9779372edc99ca")
[pkgpin] pin package: evil-anzu => (evil-anzu :fetcher github :repo "syohex/emacs-evil-anzu" :commit "c0f057822138cebfc28e41108d9779372edc99ca")
[pkgpin] pin package: anzu => (anzu :fetcher github :repo "syohex/emacs-anzu" :commit "c0f057822138cebfc28e41108d9779372edc99ca")
[pkgpin] pin package: eval-sexp-fu => (eval-sexp-fu :fetcher github :repo "hchbaw/eval-sexp-fu.el" :commit "c0f057822138cebfc28e41108d9779372edc99ca")
[pkgpin] pin package: highlight => (highlight :fetcher github :repo "steckerhalter/highlight.el" :commit "c0f057822138cebfc28e41108d9779372edc99ca")
[pkgpin] pin package: eshell-z => (eshell-z :fetcher github :repo "xuchunyang/eshell-z" :commit "c0f057822138cebfc28e41108d9779372edc99ca")
[pkgpin] pin package: eshell-prompt-extras => (eshell-prompt-extras :fetcher github :repo "hiddenlotus/eshell-prompt-extras" :commit "c0f057822138cebfc28e41108d9779372edc99ca")
[pkgpin] pin package: esh-help => (esh-help :repo "tom-tan/esh-help" :fetcher github :commit "c0f057822138cebfc28e41108d9779372edc99ca")
[pkgpin] pin package: elisp-slime-nav => (elisp-slime-nav :repo "purcell/elisp-slime-nav" :fetcher github :commit "c0f057822138cebfc28e41108d9779372edc99ca")
[pkgpin] pin package: editorconfig => (editorconfig :fetcher github :repo "editorconfig/editorconfig-emacs" :old-names (editorconfig-core editorconfig-fnmatch) :commit "c0f057822138cebfc28e41108d9779372edc99ca")
[pkgpin] pin package: dumb-jump => (dumb-jump :repo "jacktasia/dumb-jump" :fetcher github :commit "c0f057822138cebfc28e41108d9779372edc99ca")
[pkgpin] pin package: disaster => (disaster :repo "jart/disaster" :fetcher github :files ("disaster.el") :commit "c0f057822138cebfc28e41108d9779372edc99ca")
[pkgpin] pin package: define-word => (define-word :repo "abo-abo/define-word" :fetcher github :commit "c0f057822138cebfc28e41108d9779372edc99ca")
[pkgpin] pin package: cython-mode => (cython-mode :fetcher github :repo "cython/cython" :files ("Tools/*.el") :commit "c0f057822138cebfc28e41108d9779372edc99ca")
[pkgpin] pin package: cquery => (cquery :repo "cquery-project/emacs-cquery" :fetcher github :commit "c0f057822138cebfc28e41108d9779372edc99ca")
[pkgpin] pin package: counsel-projectile => (counsel-projectile :fetcher github :repo "ericdanan/counsel-projectile" :commit "c0f057822138cebfc28e41108d9779372edc99ca")
[pkgpin] pin package: counsel => (counsel :repo "abo-abo/swiper" :fetcher github :files ("counsel.el") :commit "c0f057822138cebfc28e41108d9779372edc99ca")
[pkgpin] pin package: swiper => (swiper :repo "abo-abo/swiper" :fetcher github :files ("swiper.el") :commit "c0f057822138cebfc28e41108d9779372edc99ca")
[pkgpin] pin package: ivy => (ivy :repo "abo-abo/swiper" :fetcher github :files (:defaults (:exclude "swiper.el" "counsel.el" "ivy-hydra.el") "doc/ivy-help.org") :commit "c0f057822138cebfc28e41108d9779372edc99ca")
[pkgpin] pin package: company-tern => (company-tern :fetcher github :repo "proofit404/company-tern" :commit "c0f057822138cebfc28e41108d9779372edc99ca")
[pkgpin] pin package: dash-functional => (dash-functional :fetcher github :repo "magnars/dash.el" :files ("dash-functional.el") :commit "c0f057822138cebfc28e41108d9779372edc99ca")
[pkgpin] pin package: tern => (tern :fetcher github :repo "ternjs/tern" :files ("emacs/tern.el") :commit "c0f057822138cebfc28e41108d9779372edc99ca")
[pkgpin] pin package: company-statistics => (company-statistics :repo "company-mode/company-statistics" :fetcher github :commit "c0f057822138cebfc28e41108d9779372edc99ca")
[pkgpin] pin package: company-rtags => (company-rtags :repo "Andersbakken/rtags" :fetcher github :files ("src/company-rtags.el") :commit "c0f057822138cebfc28e41108d9779372edc99ca")
[pkgpin] pin package: rtags => (rtags :repo "Andersbakken/rtags" :fetcher github :files ("src/rtags.el") :commit "c0f057822138cebfc28e41108d9779372edc99ca")
[pkgpin] pin package: company-lsp => (company-lsp :repo "tigersoldier/company-lsp" :fetcher github :commit "c0f057822138cebfc28e41108d9779372edc99ca")
[pkgpin] pin package: lsp-mode => (lsp-mode :repo "emacs-lsp/lsp-mode" :fetcher github :commit "c0f057822138cebfc28e41108d9779372edc99ca")
[pkgpin] pin package: company-irony-c-headers => (company-irony-c-headers :fetcher github :repo "hotpxl/company-irony-c-headers" :commit "c0f057822138cebfc28e41108d9779372edc99ca")
[pkgpin] pin package: company-irony => (company-irony :fetcher github :repo "Sarcasm/company-irony" :commit "c0f057822138cebfc28e41108d9779372edc99ca")
[pkgpin] pin package: irony => (irony :fetcher github :repo "Sarcasm/irony-mode" :files ("*.el" "server") :commit "c0f057822138cebfc28e41108d9779372edc99ca")
[pkgpin] pin package: company-c-headers => (company-c-headers :repo "randomphrase/company-c-headers" :fetcher github :commit "c0f057822138cebfc28e41108d9779372edc99ca")
[pkgpin] pin package: company-anaconda => (company-anaconda :fetcher github :repo "proofit404/company-anaconda" :commit "c0f057822138cebfc28e41108d9779372edc99ca")
[pkgpin] pin package: company => (company :repo "company-mode/company-mode" :fetcher github :commit "c0f057822138cebfc28e41108d9779372edc99ca")
[pkgpin] pin package: column-enforce-mode => (column-enforce-mode :fetcher github :repo "jordonbiondo/column-enforce-mode" :commit "c0f057822138cebfc28e41108d9779372edc99ca")
[pkgpin] pin package: color-identifiers-mode => (color-identifiers-mode :fetcher github :repo "ankurdave/color-identifiers-mode" :commit "c0f057822138cebfc28e41108d9779372edc99ca")
[pkgpin] pin package: coffee-mode => (coffee-mode :repo "defunkt/coffee-mode" :fetcher github :commit "c0f057822138cebfc28e41108d9779372edc99ca")
[pkgpin] pin package: cmake-mode => (cmake-mode :fetcher github :repo "Kitware/CMake" :files ("Auxiliary/*.el") :commit "c0f057822138cebfc28e41108d9779372edc99ca")
[pkgpin] pin package: cmake-ide => (cmake-ide :repo "atilaneves/cmake-ide" :fetcher github :commit "c0f057822138cebfc28e41108d9779372edc99ca")
[pkgpin] pin package: levenshtein => (levenshtein :fetcher github :repo "emacsorphanage/levenshtein" :commit "c0f057822138cebfc28e41108d9779372edc99ca")
[pkgpin] pin package: clean-aindent-mode => (clean-aindent-mode :fetcher github :repo "pmarinov/clean-aindent-mode" :commit "c0f057822138cebfc28e41108d9779372edc99ca")
[pkgpin] pin package: clang-format => (clang-format :fetcher github :repo "emacsorphanage/clang-format" :commit "c0f057822138cebfc28e41108d9779372edc99ca")
[pkgpin] pin package: centered-cursor-mode => (centered-cursor-mode :fetcher github :repo "andre-r/centered-cursor-mode.el" :commit "c0f057822138cebfc28e41108d9779372edc99ca")
[pkgpin] pin package: auto-yasnippet => (auto-yasnippet :fetcher github :repo "abo-abo/auto-yasnippet" :commit "c0f057822138cebfc28e41108d9779372edc99ca")
[pkgpin] pin package: yasnippet => (yasnippet :repo "joaotavora/yasnippet" :fetcher github :files ("yasnippet.el" "snippets") :commit "c0f057822138cebfc28e41108d9779372edc99ca")
[pkgpin] pin package: auto-highlight-symbol => (auto-highlight-symbol :repo "gennad/auto-highlight-symbol" :fetcher github :commit "c0f057822138cebfc28e41108d9779372edc99ca")
[pkgpin] pin package: auto-compile => (auto-compile :repo "emacscollective/auto-compile" :fetcher github :commit "c0f057822138cebfc28e41108d9779372edc99ca")
[pkgpin] pin package: packed => (packed :repo "emacscollective/packed" :fetcher github :files ("packed.el") :commit "c0f057822138cebfc28e41108d9779372edc99ca")
[pkgpin] pin package: pythonic => (pythonic :fetcher github :repo "proofit404/pythonic" :commit "c0f057822138cebfc28e41108d9779372edc99ca")
[pkgpin] pin package: f => (f :fetcher github :repo "rejeep/f.el" :files ("f.el") :commit "c0f057822138cebfc28e41108d9779372edc99ca")
[pkgpin] pin package: s => (s :fetcher github :repo "magnars/s.el" :files ("s.el") :commit "c0f057822138cebfc28e41108d9779372edc99ca")
[pkgpin] pin package: dash => (dash :fetcher github :repo "magnars/dash.el" :files ("dash.el") :commit "c0f057822138cebfc28e41108d9779372edc99ca")
[pkgpin] pin package: all-the-icons-dired => (all-the-icons-dired :repo "jtbm37/all-the-icons-dired" :fetcher github :commit "c0f057822138cebfc28e41108d9779372edc99ca")
[pkgpin] pin package: all-the-icons => (all-the-icons :repo "domtronn/all-the-icons.el" :fetcher github :files (:defaults "data") :commit "c0f057822138cebfc28e41108d9779372edc99ca")
[pkgpin] pin package: memoize => (memoize :repo "skeeto/emacs-memoize" :fetcher github :commit "c0f057822138cebfc28e41108d9779372edc99ca")
[pkgpin] pin package: projectile => (projectile :repo "bbatsov/projectile" :fetcher github :files ("projectile.el") :commit "c0f057822138cebfc28e41108d9779372edc99ca")
[pkgpin] pin package: pkg-info => (pkg-info :repo "lunaryorn/pkg-info.el" :fetcher github :commit "c0f057822138cebfc28e41108d9779372edc99ca")
[pkgpin] pin package: epl => (epl :repo "cask/epl" :fetcher github :commit "c0f057822138cebfc28e41108d9779372edc99ca")
[pkgpin] pin package: aggressive-indent => (aggressive-indent :repo "Malabarba/aggressive-indent-mode" :fetcher github :commit "c0f057822138cebfc28e41108d9779372edc99ca")
[pkgpin] pin package: ace-window => (ace-window :repo "abo-abo/ace-window" :fetcher github :commit "c0f057822138cebfc28e41108d9779372edc99ca")
[pkgpin] pin package: ace-link => (ace-link :repo "abo-abo/ace-link" :fetcher github :commit "c0f057822138cebfc28e41108d9779372edc99ca")
[pkgpin] pin package: ace-jump-helm-line => (ace-jump-helm-line :repo "cute-jumper/ace-jump-helm-line" :fetcher github :commit "c0f057822138cebfc28e41108d9779372edc99ca")
[pkgpin] pin package: helm => (helm :repo "emacs-helm/helm" :fetcher github :files ("*.el" "emacs-helm.sh" (:exclude "helm.el" "helm-lib.el" "helm-source.el" "helm-multi-match.el" "helm-core-pkg.el")) :commit "c0f057822138cebfc28e41108d9779372edc99ca")
[pkgpin] pin package: helm-core => (helm-core :repo "emacs-helm/helm" :fetcher github :files ("helm-core-pkg.el" "helm.el" "helm-lib.el" "helm-source.el" "helm-multi-match.el") :commit "c0f057822138cebfc28e41108d9779372edc99ca")
[pkgpin] pin package: avy => (avy :repo "abo-abo/avy" :fetcher github :commit "c0f057822138cebfc28e41108d9779372edc99ca")
[pkgpin] pin package: ac-ispell => (ac-ispell :fetcher github :repo "syohex/emacs-ac-ispell" :commit "c0f057822138cebfc28e41108d9779372edc99ca")
[pkgpin] pin package: auto-complete => (auto-complete :repo "auto-complete/auto-complete" :fetcher github :files ("*.el" "dict") :commit "c0f057822138cebfc28e41108d9779372edc99ca")
[pkgpin] pin package: popup => (popup :repo "auto-complete/popup-el" :fetcher github :files ("popup.el") :commit "c0f057822138cebfc28e41108d9779372edc99ca")
[pkgpin] pin package: which-key => (which-key :repo "justbur/emacs-which-key" :fetcher github :commit "c0f057822138cebfc28e41108d9779372edc99ca")
[pkgpin] pin package: use-package => (use-package :fetcher github :repo "jwiegley/use-package" :files (:defaults (:exclude "bind-key.el" "bind-chord.el" "use-package-chords.el" "use-package-ensure-system-package.el")) :commit "c0f057822138cebfc28e41108d9779372edc99ca")
[pkgpin] pin package: hydra => (hydra :repo "abo-abo/hydra" :fetcher github :commit "c0f057822138cebfc28e41108d9779372edc99ca")
[pkgpin] pin package: exec-path-from-shell => (exec-path-from-shell :fetcher github :repo "purcell/exec-path-from-shell" :commit "c0f057822138cebfc28e41108d9779372edc99ca")
[pkgpin] pin package: evil => (evil :repo "emacs-evil/evil" :fetcher github :files (:defaults (:exclude "evil-test-helpers.el")) :commit "c0f057822138cebfc28e41108d9779372edc99ca")
[pkgpin] pin package: goto-chg => (goto-chg :repo "emacs-evil/goto-chg" :fetcher github :commit "c0f057822138cebfc28e41108d9779372edc99ca")
[pkgpin] pin package: diminish => (diminish :fetcher github :repo "myrjola/diminish.el" :commit "c0f057822138cebfc28e41108d9779372edc99ca")
[pkgpin] pin package: bind-map => (bind-map :repo "justbur/emacs-bind-map" :fetcher github :commit "c0f057822138cebfc28e41108d9779372edc99ca")
[pkgpin] pin package: bind-key => (bind-key :fetcher github :repo "jwiegley/use-package" :files ("bind-key.el") :commit "c0f057822138cebfc28e41108d9779372edc99ca")
[pkgpin] pin package: async => (async :repo "jwiegley/emacs-async" :fetcher github :commit "c0f057822138cebfc28e41108d9779372edc99ca")
[pkgpin] pin package: darkokai-theme => (darkokai-theme :repo "sjrmanning/darkokai" :fetcher github :commit "c0f057822138cebfc28e41108d9779372edc99ca")